2024-09-14T09:59:46.975Z [31merror[39m: Error during forgot password: Missing credentials for "PLAIN"
2024-09-14T09:59:46.975Z [31merror[39m: Missing credentials for "PLAIN" - /api/users/forgot-password - POST - ::1
2024-09-14T10:01:34.310Z [31merror[39m: Error during forgot password: Missing credentials for "PLAIN"
2024-09-14T10:01:34.311Z [31merror[39m: Missing credentials for "PLAIN" - /api/users/request-reset-password - POST - ::1
2024-09-14T10:01:53.030Z [31merror[39m: Error during forgot password: Missing credentials for "PLAIN"
2024-09-14T10:01:53.030Z [31merror[39m: Missing credentials for "PLAIN" - /api/users/request-reset-password - POST - ::1
2024-09-14T10:02:41.521Z [31merror[39m: Error during forgot password: Missing credentials for "PLAIN"
2024-09-14T10:02:41.522Z [31merror[39m: Missing credentials for "PLAIN" - /api/users/request-reset-password - POST - ::1
2024-09-14T10:02:44.592Z [31merror[39m: Error during forgot password: Missing credentials for "PLAIN"
2024-09-14T10:02:44.593Z [31merror[39m: Missing credentials for "PLAIN" - /api/users/request-reset-password - POST - ::1
2024-09-14T10:02:44.604Z [31merror[39m: Error during forgot password: Missing credentials for "PLAIN"
2024-09-14T10:02:44.605Z [31merror[39m: Missing credentials for "PLAIN" - /api/users/request-reset-password - POST - ::1
2024-09-14T10:02:45.318Z [31merror[39m: Error during forgot password: Missing credentials for "PLAIN"
2024-09-14T10:02:45.319Z [31merror[39m: Missing credentials for "PLAIN" - /api/users/request-reset-password - POST - ::1
2024-09-14T10:02:45.373Z [31merror[39m: Error during forgot password: Missing credentials for "PLAIN"
2024-09-14T10:02:45.373Z [31merror[39m: Missing credentials for "PLAIN" - /api/users/request-reset-password - POST - ::1
2024-09-14T10:02:45.677Z [31merror[39m: Error during forgot password: Missing credentials for "PLAIN"
2024-09-14T10:02:45.678Z [31merror[39m: Missing credentials for "PLAIN" - /api/users/request-reset-password - POST - ::1
2024-09-14T10:02:46.129Z [31merror[39m: Error during forgot password: Missing credentials for "PLAIN"
2024-09-14T10:02:46.130Z [31merror[39m: Missing credentials for "PLAIN" - /api/users/request-reset-password - POST - ::1
2024-09-14T10:02:46.346Z [31merror[39m: Error during forgot password: Missing credentials for "PLAIN"
2024-09-14T10:02:46.347Z [31merror[39m: Missing credentials for "PLAIN" - /api/users/request-reset-password - POST - ::1
2024-09-14T10:02:46.538Z [31merror[39m: Error during forgot password: Missing credentials for "PLAIN"
2024-09-14T10:02:46.538Z [31merror[39m: Missing credentials for "PLAIN" - /api/users/request-reset-password - POST - ::1
2024-09-14T10:02:46.598Z [31merror[39m: Error during forgot password: Missing credentials for "PLAIN"
2024-09-14T10:02:46.599Z [31merror[39m: Missing credentials for "PLAIN" - /api/users/request-reset-password - POST - ::1
2024-09-14T10:02:46.769Z [31merror[39m: Error during forgot password: Missing credentials for "PLAIN"
2024-09-14T10:02:46.769Z [31merror[39m: Missing credentials for "PLAIN" - /api/users/request-reset-password - POST - ::1
2024-09-14T10:02:46.775Z [31merror[39m: Error during forgot password: Missing credentials for "PLAIN"
2024-09-14T10:02:46.776Z [31merror[39m: Missing credentials for "PLAIN" - /api/users/request-reset-password - POST - ::1
2024-09-14T10:02:46.973Z [31merror[39m: Error during forgot password: Missing credentials for "PLAIN"
2024-09-14T10:02:46.974Z [31merror[39m: Missing credentials for "PLAIN" - /api/users/request-reset-password - POST - ::1
2024-09-14T10:02:47.595Z [31merror[39m: Error during forgot password: Missing credentials for "PLAIN"
2024-09-14T10:02:47.595Z [31merror[39m: Missing credentials for "PLAIN" - /api/users/request-reset-password - POST - ::1
2024-09-14T10:02:47.802Z [31merror[39m: Error during forgot password: Missing credentials for "PLAIN"
2024-09-14T10:02:47.802Z [31merror[39m: Missing credentials for "PLAIN" - /api/users/request-reset-password - POST - ::1
2024-09-14T10:06:32.907Z [31merror[39m: Error during forgot password: Missing credentials for "PLAIN"
2024-09-14T10:06:32.908Z [31merror[39m: Missing credentials for "PLAIN" - /api/users/request-reset-password - POST - ::1
2024-09-14T10:07:03.112Z [31merror[39m: Error during forgot password: Missing credentials for "PLAIN"
2024-09-14T10:07:03.112Z [31merror[39m: Missing credentials for "PLAIN" - /api/users/request-reset-password - POST - ::1
2024-09-16T05:45:16.366Z [31merror[39m: MongoDB connection error: option poolsize is not supported
2024-09-16T05:45:17.211Z [31merror[39m: MongoDB connection error: option poolsize is not supported
2024-09-16T05:45:27.571Z [31merror[39m: MongoDB connection error: option poolsize is not supported
2024-09-16T05:45:45.047Z [31merror[39m: MongoDB connection error: option poolsize is not supported
2024-09-16T05:45:45.584Z [31merror[39m: MongoDB connection error: option poolsize is not supported
2024-09-16T05:45:51.055Z [31merror[39m: MongoDB connection error: option poolsize is not supported
2024-09-16T05:46:00.612Z [31merror[39m: MongoDB connection error: option poolsize is not supported
2024-09-16T05:46:01.291Z [31merror[39m: MongoDB connection error: option poolsize is not supported
2024-09-16T05:46:07.083Z [31merror[39m: MongoDB connection error: option poolsize is not supported
2024-09-16T05:46:07.624Z [31merror[39m: MongoDB connection error: option poolsize is not supported
2024-09-16T05:46:14.166Z [31merror[39m: MongoDB connection error: option poolsize is not supported
2024-09-16T05:46:23.429Z [31merror[39m: MongoDB connection error: option poolsize is not supported
2024-09-16T05:46:28.970Z [31merror[39m: MongoDB connection error: option poolsize is not supported
2024-09-16T05:46:30.294Z [31merror[39m: MongoDB connection error: option poolsize is not supported
2024-09-16T05:46:32.343Z [31merror[39m: MongoDB connection error: option poolsize is not supported
2024-09-16T05:46:38.374Z [31merror[39m: MongoDB connection error: option poolsize is not supported
2024-09-16T05:46:49.120Z [31merror[39m: MongoDB connection error: option poolsize is not supported
2024-09-16T06:43:19.688Z [31merror[39m: POST /api/videos/upload - Only video files are allowed
2024-09-16T06:59:07.198Z [31merror[39m: POST /api/users/upload/profile-picture - Cannot set headers after they are sent to the client
2024-09-16T06:59:43.045Z [31merror[39m: POST /api/users/add - Cannot set headers after they are sent to the client
2024-09-16T07:01:13.597Z [31merror[39m: POST /api/users/add - Cannot set headers after they are sent to the client
2024-09-16T07:01:14.796Z [31merror[39m: POST /api/users/add - Cannot set headers after they are sent to the client
2024-09-16T07:02:07.765Z [31merror[39m: POST /api/users/add - Cannot set headers after they are sent to the client
{"level":"error","message":"GET /api/feed/ - Cannot set headers after they are sent to the client","timestamp":"2024-09-16T07:23:55.980Z"}
{"level":"error","message":"GET /api/feed/ - Cannot set headers after they are sent to the client","timestamp":"2024-09-16T07:23:56.867Z"}
